[2025-02-14 10:23:24][INFO] - This log is also available at '/home/pegolo/Software/metatrain_dev/examples/programmatic/tensor_basis/outputs/2025-02-14/10-23-24/train.log'.
[2025-02-14 10:23:24][INFO] - Package directory: /home/pegolo/micromamba/envs/test/lib/python3.11/site-packages/metatrain
[2025-02-14 10:23:24][INFO] - Working directory: /home/pegolo/Software/metatrain_dev/examples/programmatic/tensor_basis
[2025-02-14 10:23:24][INFO] - Metatrain version: 0.1.dev318+g6d92213
[2025-02-14 10:23:24][INFO] - Executed command: mtt train options.yaml
[2025-02-14 10:23:24][INFO] - Running training for 'experimental.soap_bpnn' architecture
[2025-02-14 10:23:24][INFO] - Random seed of this run is 42
[2025-02-14 10:23:24][INFO] - Setting up training set
[2025-02-14 10:23:25][INFO] - Setting up validation set
[2025-02-14 10:23:25][INFO] - Setting up test set
[2025-02-14 10:23:25][INFO] - Training dataset:
    Dataset containing 80 structures
    Mean and standard deviation of targets:
    - mtt::polarizability: 
      - mean -12.77
      - std  28.6
[2025-02-14 10:23:25][INFO] - Validation dataset:
    Dataset containing 10 structures
    Mean and standard deviation of targets:
    - mtt::polarizability: 
      - mean -12.7
      - std  28.75
[2025-02-14 10:23:25][INFO] - Test dataset:
    Dataset containing 10 structures
    Mean and standard deviation of targets:
    - mtt::polarizability: 
      - mean -12.92
      - std  28.65
[2025-02-14 10:23:25][INFO] - Setting up model
[2025-02-14 10:23:25][INFO] - Calling trainer
[2025-02-14 10:23:25][INFO] - Training on device cuda with dtype torch.float32
[2025-02-14 10:23:25][INFO] - Calculating neighbor lists for the datasets
[2025-02-14 10:23:25][INFO] - Calculating composition weights
[2025-02-14 10:23:25][INFO] - Calculating scaling weights
[2025-02-14 10:23:27][INFO] - Setting up data loaders
[2025-02-14 10:23:27][INFO] - Training with loss weights: {'mtt::polarizability': 1.0}
[2025-02-14 10:23:27][INFO] - Initial learning rate: 0.001
[2025-02-14 10:23:27][INFO] - Starting training
[2025-02-14 10:23:31][INFO] - Epoch    0, training loss: 2.826e+01, training mtt::polarizability RMSE (per atom): 0.0083428, training mtt::polarizability MAE (per atom): 0.0062540, validation loss: 2.136e+00, validation mtt::polarizability RMSE (per atom): 0.0069546, validation mtt::polarizability MAE (per atom): 0.0054814
[2025-02-14 10:23:33][INFO] - Epoch    1, training loss: 2.764e+01, training mtt::polarizability RMSE (per atom): 0.0082843, training mtt::polarizability MAE (per atom): 0.0062168, validation loss: 2.052e+00, validation mtt::polarizability RMSE (per atom): 0.0068805, validation mtt::polarizability MAE (per atom): 0.0054465
[2025-02-14 10:23:35][INFO] - Epoch    2, training loss: 2.764e+01, training mtt::polarizability RMSE (per atom): 0.0082792, training mtt::polarizability MAE (per atom): 0.0062011, validation loss: 2.033e+00, validation mtt::polarizability RMSE (per atom): 0.0068581, validation mtt::polarizability MAE (per atom): 0.0054283
[2025-02-14 10:23:36][INFO] - Epoch    3, training loss: 2.760e+01, training mtt::polarizability RMSE (per atom): 0.0082654, training mtt::polarizability MAE (per atom): 0.0061836, validation loss: 2.018e+00, validation mtt::polarizability RMSE (per atom): 0.0068350, validation mtt::polarizability MAE (per atom): 0.0054024
[2025-02-14 10:23:38][INFO] - Epoch    4, training loss: 2.744e+01, training mtt::polarizability RMSE (per atom): 0.0082342, training mtt::polarizability MAE (per atom): 0.0061587, validation loss: 2.044e+00, validation mtt::polarizability RMSE (per atom): 0.0068367, validation mtt::polarizability MAE (per atom): 0.0053810
[2025-02-14 10:23:40][INFO] - Epoch    5, training loss: 2.738e+01, training mtt::polarizability RMSE (per atom): 0.0081931, training mtt::polarizability MAE (per atom): 0.0061191, validation loss: 2.022e+00, validation mtt::polarizability RMSE (per atom): 0.0067788, validation mtt::polarizability MAE (per atom): 0.0053244
[2025-02-14 10:23:42][INFO] - Epoch    6, training loss: 2.738e+01, training mtt::polarizability RMSE (per atom): 0.0081406, training mtt::polarizability MAE (per atom): 0.0060716, validation loss: 2.103e+00, validation mtt::polarizability RMSE (per atom): 0.0067651, validation mtt::polarizability MAE (per atom): 0.0052532
[2025-02-14 10:23:44][INFO] - Epoch    7, training loss: 2.671e+01, training mtt::polarizability RMSE (per atom): 0.0079828, training mtt::polarizability MAE (per atom): 0.0059312, validation loss: 1.905e+00, validation mtt::polarizability RMSE (per atom): 0.0065022, validation mtt::polarizability MAE (per atom): 0.0050466
[2025-02-14 10:23:46][INFO] - Epoch    8, training loss: 2.700e+01, training mtt::polarizability RMSE (per atom): 0.0078770, training mtt::polarizability MAE (per atom): 0.0057754, validation loss: 1.881e+00, validation mtt::polarizability RMSE (per atom): 0.0063451, validation mtt::polarizability MAE (per atom): 0.0048686
[2025-02-14 10:23:47][INFO] - Epoch    9, training loss: 2.730e+01, training mtt::polarizability RMSE (per atom): 0.0078005, training mtt::polarizability MAE (per atom): 0.0056468, validation loss: 2.255e+00, validation mtt::polarizability RMSE (per atom): 0.0065422, validation mtt::polarizability MAE (per atom): 0.0048531
[2025-02-14 10:23:49][INFO] - Epoch   10, training loss: 2.641e+01, training mtt::polarizability RMSE (per atom): 0.0076135, training mtt::polarizability MAE (per atom): 0.0054533, validation loss: 1.770e+00, validation mtt::polarizability RMSE (per atom): 0.0060875, validation mtt::polarizability MAE (per atom): 0.0046659
[2025-02-14 10:23:51][INFO] - Epoch   11, training loss: 2.564e+01, training mtt::polarizability RMSE (per atom): 0.0074459, training mtt::polarizability MAE (per atom): 0.0052985, validation loss: 1.787e+00, validation mtt::polarizability RMSE (per atom): 0.0059867, validation mtt::polarizability MAE (per atom): 0.0045954
[2025-02-14 10:23:53][INFO] - Epoch   12, training loss: 2.509e+01, training mtt::polarizability RMSE (per atom): 0.0072603, training mtt::polarizability MAE (per atom): 0.0050935, validation loss: 1.778e+00, validation mtt::polarizability RMSE (per atom): 0.0058421, validation mtt::polarizability MAE (per atom): 0.0045430
[2025-02-14 10:23:55][INFO] - Epoch   13, training loss: 2.506e+01, training mtt::polarizability RMSE (per atom): 0.0071410, training mtt::polarizability MAE (per atom): 0.0049680, validation loss: 1.857e+00, validation mtt::polarizability RMSE (per atom): 0.0058286, validation mtt::polarizability MAE (per atom): 0.0045437
[2025-02-14 10:23:56][INFO] - Epoch   14, training loss: 2.389e+01, training mtt::polarizability RMSE (per atom): 0.0069000, training mtt::polarizability MAE (per atom): 0.0047233, validation loss: 1.653e+00, validation mtt::polarizability RMSE (per atom): 0.0055876, validation mtt::polarizability MAE (per atom): 0.0043932
[2025-02-14 10:23:58][INFO] - Epoch   15, training loss: 2.283e+01, training mtt::polarizability RMSE (per atom): 0.0067034, training mtt::polarizability MAE (per atom): 0.0045396, validation loss: 1.799e+00, validation mtt::polarizability RMSE (per atom): 0.0056680, validation mtt::polarizability MAE (per atom): 0.0045423
[2025-02-14 10:24:00][INFO] - Epoch   16, training loss: 2.176e+01, training mtt::polarizability RMSE (per atom): 0.0065863, training mtt::polarizability MAE (per atom): 0.0045536, validation loss: 1.650e+00, validation mtt::polarizability RMSE (per atom): 0.0056476, validation mtt::polarizability MAE (per atom): 0.0043158
[2025-02-14 10:24:02][INFO] - Epoch   17, training loss: 2.278e+01, training mtt::polarizability RMSE (per atom): 0.0066387, training mtt::polarizability MAE (per atom): 0.0044427, validation loss: 2.566e+00, validation mtt::polarizability RMSE (per atom): 0.0064067, validation mtt::polarizability MAE (per atom): 0.0046124
[2025-02-14 10:24:04][INFO] - Epoch   18, training loss: 2.381e+01, training mtt::polarizability RMSE (per atom): 0.0066986, training mtt::polarizability MAE (per atom): 0.0043852, validation loss: 1.487e+00, validation mtt::polarizability RMSE (per atom): 0.0053086, validation mtt::polarizability MAE (per atom): 0.0041160
[2025-02-14 10:24:05][INFO] - Epoch   19, training loss: 2.162e+01, training mtt::polarizability RMSE (per atom): 0.0064208, training mtt::polarizability MAE (per atom): 0.0043062, validation loss: 1.783e+00, validation mtt::polarizability RMSE (per atom): 0.0055827, validation mtt::polarizability MAE (per atom): 0.0042368
[2025-02-14 10:24:07][INFO] - Epoch   20, training loss: 2.037e+01, training mtt::polarizability RMSE (per atom): 0.0062411, training mtt::polarizability MAE (per atom): 0.0041538, validation loss: 1.469e+00, validation mtt::polarizability RMSE (per atom): 0.0052742, validation mtt::polarizability MAE (per atom): 0.0041568
[2025-02-14 10:24:09][INFO] - Epoch   21, training loss: 1.871e+01, training mtt::polarizability RMSE (per atom): 0.0060366, training mtt::polarizability MAE (per atom): 0.0040519, validation loss: 1.482e+00, validation mtt::polarizability RMSE (per atom): 0.0053173, validation mtt::polarizability MAE (per atom): 0.0042039
[2025-02-14 10:24:11][INFO] - Epoch   22, training loss: 1.796e+01, training mtt::polarizability RMSE (per atom): 0.0059300, training mtt::polarizability MAE (per atom): 0.0040446, validation loss: 1.965e+00, validation mtt::polarizability RMSE (per atom): 0.0058118, validation mtt::polarizability MAE (per atom): 0.0042119
[2025-02-14 10:24:12][INFO] - Epoch   23, training loss: 1.826e+01, training mtt::polarizability RMSE (per atom): 0.0059387, training mtt::polarizability MAE (per atom): 0.0040352, validation loss: 2.219e+00, validation mtt::polarizability RMSE (per atom): 0.0060046, validation mtt::polarizability MAE (per atom): 0.0041660
[2025-02-14 10:24:14][INFO] - Epoch   24, training loss: 2.025e+01, training mtt::polarizability RMSE (per atom): 0.0061419, training mtt::polarizability MAE (per atom): 0.0040846, validation loss: 1.587e+00, validation mtt::polarizability RMSE (per atom): 0.0053115, validation mtt::polarizability MAE (per atom): 0.0038677
[2025-02-14 10:24:16][INFO] - Epoch   25, training loss: 1.715e+01, training mtt::polarizability RMSE (per atom): 0.0057354, training mtt::polarizability MAE (per atom): 0.0038615, validation loss: 1.224e+00, validation mtt::polarizability RMSE (per atom): 0.0048796, validation mtt::polarizability MAE (per atom): 0.0036388
[2025-02-14 10:24:18][INFO] - Epoch   26, training loss: 1.638e+01, training mtt::polarizability RMSE (per atom): 0.0056177, training mtt::polarizability MAE (per atom): 0.0038221, validation loss: 1.073e+00, validation mtt::polarizability RMSE (per atom): 0.0046652, validation mtt::polarizability MAE (per atom): 0.0036469
[2025-02-14 10:24:20][INFO] - Epoch   27, training loss: 1.391e+01, training mtt::polarizability RMSE (per atom): 0.0052625, training mtt::polarizability MAE (per atom): 0.0035805, validation loss: 1.749e+00, validation mtt::polarizability RMSE (per atom): 0.0054053, validation mtt::polarizability MAE (per atom): 0.0037786
[2025-02-14 10:24:21][INFO] - Epoch   28, training loss: 1.346e+01, training mtt::polarizability RMSE (per atom): 0.0051753, training mtt::polarizability MAE (per atom): 0.0035582, validation loss: 9.307e-01, validation mtt::polarizability RMSE (per atom): 0.0044214, validation mtt::polarizability MAE (per atom): 0.0034140
[2025-02-14 10:24:23][INFO] - Epoch   29, training loss: 1.212e+01, training mtt::polarizability RMSE (per atom): 0.0049470, training mtt::polarizability MAE (per atom): 0.0034556, validation loss: 1.272e+00, validation mtt::polarizability RMSE (per atom): 0.0047993, validation mtt::polarizability MAE (per atom): 0.0033663
[2025-02-14 10:24:25][INFO] - Epoch   30, training loss: 1.071e+01, training mtt::polarizability RMSE (per atom): 0.0047129, training mtt::polarizability MAE (per atom): 0.0033248, validation loss: 1.387e+00, validation mtt::polarizability RMSE (per atom): 0.0048773, validation mtt::polarizability MAE (per atom): 0.0034203
[2025-02-14 10:24:27][INFO] - Epoch   31, training loss: 8.825e+00, training mtt::polarizability RMSE (per atom): 0.0043721, training mtt::polarizability MAE (per atom): 0.0031662, validation loss: 7.540e-01, validation mtt::polarizability RMSE (per atom): 0.0040393, validation mtt::polarizability MAE (per atom): 0.0031101
[2025-02-14 10:24:28][INFO] - Epoch   32, training loss: 7.589e+00, training mtt::polarizability RMSE (per atom): 0.0041292, training mtt::polarizability MAE (per atom): 0.0030187, validation loss: 9.531e-01, validation mtt::polarizability RMSE (per atom): 0.0042666, validation mtt::polarizability MAE (per atom): 0.0031487
[2025-02-14 10:24:30][INFO] - Epoch   33, training loss: 6.437e+00, training mtt::polarizability RMSE (per atom): 0.0039017, training mtt::polarizability MAE (per atom): 0.0029136, validation loss: 7.264e-01, validation mtt::polarizability RMSE (per atom): 0.0038404, validation mtt::polarizability MAE (per atom): 0.0028718
[2025-02-14 10:24:32][INFO] - Epoch   34, training loss: 7.022e+00, training mtt::polarizability RMSE (per atom): 0.0039692, training mtt::polarizability MAE (per atom): 0.0028836, validation loss: 6.608e-01, validation mtt::polarizability RMSE (per atom): 0.0038033, validation mtt::polarizability MAE (per atom): 0.0028782
[2025-02-14 10:24:34][INFO] - Epoch   35, training loss: 6.101e+00, training mtt::polarizability RMSE (per atom): 0.0037739, training mtt::polarizability MAE (per atom): 0.0027834, validation loss: 1.045e+00, validation mtt::polarizability RMSE (per atom): 0.0043237, validation mtt::polarizability MAE (per atom): 0.0031972
[2025-02-14 10:24:35][INFO] - Epoch   36, training loss: 6.988e+00, training mtt::polarizability RMSE (per atom): 0.0039205, training mtt::polarizability MAE (per atom): 0.0028481, validation loss: 1.314e+00, validation mtt::polarizability RMSE (per atom): 0.0046531, validation mtt::polarizability MAE (per atom): 0.0033586
[2025-02-14 10:24:37][INFO] - Epoch   37, training loss: 7.826e+00, training mtt::polarizability RMSE (per atom): 0.0040548, training mtt::polarizability MAE (per atom): 0.0028430, validation loss: 5.940e-01, validation mtt::polarizability RMSE (per atom): 0.0036170, validation mtt::polarizability MAE (per atom): 0.0027239
[2025-02-14 10:24:39][INFO] - Epoch   38, training loss: 5.632e+00, training mtt::polarizability RMSE (per atom): 0.0036319, training mtt::polarizability MAE (per atom): 0.0027248, validation loss: 5.120e-01, validation mtt::polarizability RMSE (per atom): 0.0035154, validation mtt::polarizability MAE (per atom): 0.0026256
[2025-02-14 10:24:41][INFO] - Epoch   39, training loss: 5.194e+00, training mtt::polarizability RMSE (per atom): 0.0035303, training mtt::polarizability MAE (per atom): 0.0026506, validation loss: 5.555e-01, validation mtt::polarizability RMSE (per atom): 0.0035557, validation mtt::polarizability MAE (per atom): 0.0026755
[2025-02-14 10:24:43][INFO] - Epoch   40, training loss: 4.861e+00, training mtt::polarizability RMSE (per atom): 0.0034363, training mtt::polarizability MAE (per atom): 0.0025670, validation loss: 5.113e-01, validation mtt::polarizability RMSE (per atom): 0.0034427, validation mtt::polarizability MAE (per atom): 0.0025934
[2025-02-14 10:24:45][INFO] - Epoch   41, training loss: 3.872e+00, training mtt::polarizability RMSE (per atom): 0.0032107, training mtt::polarizability MAE (per atom): 0.0024552, validation loss: 5.193e-01, validation mtt::polarizability RMSE (per atom): 0.0034159, validation mtt::polarizability MAE (per atom): 0.0025785
[2025-02-14 10:24:46][INFO] - Epoch   42, training loss: 3.688e+00, training mtt::polarizability RMSE (per atom): 0.0031417, training mtt::polarizability MAE (per atom): 0.0024107, validation loss: 4.196e-01, validation mtt::polarizability RMSE (per atom): 0.0031943, validation mtt::polarizability MAE (per atom): 0.0024566
[2025-02-14 10:24:48][INFO] - Epoch   43, training loss: 3.500e+00, training mtt::polarizability RMSE (per atom): 0.0030828, training mtt::polarizability MAE (per atom): 0.0023814, validation loss: 6.589e-01, validation mtt::polarizability RMSE (per atom): 0.0035614, validation mtt::polarizability MAE (per atom): 0.0025192
[2025-02-14 10:24:50][INFO] - Epoch   44, training loss: 5.143e+00, training mtt::polarizability RMSE (per atom): 0.0034275, training mtt::polarizability MAE (per atom): 0.0025555, validation loss: 7.249e-01, validation mtt::polarizability RMSE (per atom): 0.0036667, validation mtt::polarizability MAE (per atom): 0.0027644
[2025-02-14 10:24:52][INFO] - Epoch   45, training loss: 6.238e+00, training mtt::polarizability RMSE (per atom): 0.0036459, training mtt::polarizability MAE (per atom): 0.0026958, validation loss: 7.465e-01, validation mtt::polarizability RMSE (per atom): 0.0036609, validation mtt::polarizability MAE (per atom): 0.0027716
[2025-02-14 10:24:53][INFO] - Epoch   46, training loss: 4.917e+00, training mtt::polarizability RMSE (per atom): 0.0033685, training mtt::polarizability MAE (per atom): 0.0024714, validation loss: 4.544e-01, validation mtt::polarizability RMSE (per atom): 0.0032136, validation mtt::polarizability MAE (per atom): 0.0024702
[2025-02-14 10:24:55][INFO] - Epoch   47, training loss: 4.915e+00, training mtt::polarizability RMSE (per atom): 0.0033664, training mtt::polarizability MAE (per atom): 0.0025312, validation loss: 4.764e-01, validation mtt::polarizability RMSE (per atom): 0.0031992, validation mtt::polarizability MAE (per atom): 0.0024736
[2025-02-14 10:24:57][INFO] - Epoch   48, training loss: 3.190e+00, training mtt::polarizability RMSE (per atom): 0.0029587, training mtt::polarizability MAE (per atom): 0.0023117, validation loss: 3.811e-01, validation mtt::polarizability RMSE (per atom): 0.0030313, validation mtt::polarizability MAE (per atom): 0.0022974
[2025-02-14 10:24:59][INFO] - Epoch   49, training loss: 3.351e+00, training mtt::polarizability RMSE (per atom): 0.0029932, training mtt::polarizability MAE (per atom): 0.0023152, validation loss: 3.843e-01, validation mtt::polarizability RMSE (per atom): 0.0030216, validation mtt::polarizability MAE (per atom): 0.0023283
[2025-02-14 10:25:01][INFO] - Epoch   50, training loss: 4.511e+00, training mtt::polarizability RMSE (per atom): 0.0032543, training mtt::polarizability MAE (per atom): 0.0024350, validation loss: 7.082e-01, validation mtt::polarizability RMSE (per atom): 0.0035764, validation mtt::polarizability MAE (per atom): 0.0025474
[2025-02-14 10:25:03][INFO] - Epoch   51, training loss: 6.045e+00, training mtt::polarizability RMSE (per atom): 0.0035699, training mtt::polarizability MAE (per atom): 0.0025966, validation loss: 1.088e+00, validation mtt::polarizability RMSE (per atom): 0.0041628, validation mtt::polarizability MAE (per atom): 0.0029383
[2025-02-14 10:25:04][INFO] - Epoch   52, training loss: 4.581e+00, training mtt::polarizability RMSE (per atom): 0.0032579, training mtt::polarizability MAE (per atom): 0.0024795, validation loss: 7.084e-01, validation mtt::polarizability RMSE (per atom): 0.0035812, validation mtt::polarizability MAE (per atom): 0.0025415
[2025-02-14 10:25:06][INFO] - Epoch   53, training loss: 3.570e+00, training mtt::polarizability RMSE (per atom): 0.0030187, training mtt::polarizability MAE (per atom): 0.0023231, validation loss: 5.009e-01, validation mtt::polarizability RMSE (per atom): 0.0032470, validation mtt::polarizability MAE (per atom): 0.0023644
[2025-02-14 10:25:08][INFO] - Epoch   54, training loss: 3.970e+00, training mtt::polarizability RMSE (per atom): 0.0031105, training mtt::polarizability MAE (per atom): 0.0023365, validation loss: 4.062e-01, validation mtt::polarizability RMSE (per atom): 0.0030490, validation mtt::polarizability MAE (per atom): 0.0022772
[2025-02-14 10:25:10][INFO] - Epoch   55, training loss: 3.230e+00, training mtt::polarizability RMSE (per atom): 0.0029312, training mtt::polarizability MAE (per atom): 0.0022655, validation loss: 3.365e-01, validation mtt::polarizability RMSE (per atom): 0.0028792, validation mtt::polarizability MAE (per atom): 0.0022430
[2025-02-14 10:25:11][INFO] - Epoch   56, training loss: 2.757e+00, training mtt::polarizability RMSE (per atom): 0.0028043, training mtt::polarizability MAE (per atom): 0.0021884, validation loss: 3.321e-01, validation mtt::polarizability RMSE (per atom): 0.0028766, validation mtt::polarizability MAE (per atom): 0.0022054
[2025-02-14 10:25:13][INFO] - Epoch   57, training loss: 2.526e+00, training mtt::polarizability RMSE (per atom): 0.0027354, training mtt::polarizability MAE (per atom): 0.0021373, validation loss: 3.341e-01, validation mtt::polarizability RMSE (per atom): 0.0028742, validation mtt::polarizability MAE (per atom): 0.0021902
[2025-02-14 10:25:15][INFO] - Epoch   58, training loss: 2.870e+00, training mtt::polarizability RMSE (per atom): 0.0028189, training mtt::polarizability MAE (per atom): 0.0022044, validation loss: 3.211e-01, validation mtt::polarizability RMSE (per atom): 0.0028299, validation mtt::polarizability MAE (per atom): 0.0022040
[2025-02-14 10:25:17][INFO] - Epoch   59, training loss: 3.149e+00, training mtt::polarizability RMSE (per atom): 0.0028810, training mtt::polarizability MAE (per atom): 0.0022414, validation loss: 3.255e-01, validation mtt::polarizability RMSE (per atom): 0.0028494, validation mtt::polarizability MAE (per atom): 0.0021765
[2025-02-14 10:25:18][INFO] - Epoch   60, training loss: 2.490e+00, training mtt::polarizability RMSE (per atom): 0.0027118, training mtt::polarizability MAE (per atom): 0.0021243, validation loss: 3.187e-01, validation mtt::polarizability RMSE (per atom): 0.0028469, validation mtt::polarizability MAE (per atom): 0.0021865
[2025-02-14 10:25:20][INFO] - Epoch   61, training loss: 2.939e+00, training mtt::polarizability RMSE (per atom): 0.0028208, training mtt::polarizability MAE (per atom): 0.0022092, validation loss: 5.313e-01, validation mtt::polarizability RMSE (per atom): 0.0032169, validation mtt::polarizability MAE (per atom): 0.0023174
[2025-02-14 10:25:22][INFO] - Epoch   62, training loss: 2.893e+00, training mtt::polarizability RMSE (per atom): 0.0028164, training mtt::polarizability MAE (per atom): 0.0021849, validation loss: 4.739e-01, validation mtt::polarizability RMSE (per atom): 0.0031015, validation mtt::polarizability MAE (per atom): 0.0022465
[2025-02-14 10:25:24][INFO] - Epoch   63, training loss: 2.748e+00, training mtt::polarizability RMSE (per atom): 0.0027595, training mtt::polarizability MAE (per atom): 0.0021600, validation loss: 3.368e-01, validation mtt::polarizability RMSE (per atom): 0.0028901, validation mtt::polarizability MAE (per atom): 0.0021703
[2025-02-14 10:25:25][INFO] - Epoch   64, training loss: 3.871e+00, training mtt::polarizability RMSE (per atom): 0.0030368, training mtt::polarizability MAE (per atom): 0.0022780, validation loss: 4.480e-01, validation mtt::polarizability RMSE (per atom): 0.0030672, validation mtt::polarizability MAE (per atom): 0.0023900
[2025-02-14 10:25:27][INFO] - Epoch   65, training loss: 2.796e+00, training mtt::polarizability RMSE (per atom): 0.0027639, training mtt::polarizability MAE (per atom): 0.0021457, validation loss: 2.985e-01, validation mtt::polarizability RMSE (per atom): 0.0027226, validation mtt::polarizability MAE (per atom): 0.0021145
[2025-02-14 10:25:29][INFO] - Epoch   66, training loss: 2.447e+00, training mtt::polarizability RMSE (per atom): 0.0026634, training mtt::polarizability MAE (per atom): 0.0020898, validation loss: 3.547e-01, validation mtt::polarizability RMSE (per atom): 0.0029091, validation mtt::polarizability MAE (per atom): 0.0021506
[2025-02-14 10:25:31][INFO] - Epoch   67, training loss: 2.552e+00, training mtt::polarizability RMSE (per atom): 0.0026916, training mtt::polarizability MAE (per atom): 0.0020789, validation loss: 3.957e-01, validation mtt::polarizability RMSE (per atom): 0.0029593, validation mtt::polarizability MAE (per atom): 0.0021489
[2025-02-14 10:25:33][INFO] - Epoch   68, training loss: 2.161e+00, training mtt::polarizability RMSE (per atom): 0.0025766, training mtt::polarizability MAE (per atom): 0.0020183, validation loss: 2.962e-01, validation mtt::polarizability RMSE (per atom): 0.0027349, validation mtt::polarizability MAE (per atom): 0.0020671
[2025-02-14 10:25:34][INFO] - Epoch   69, training loss: 1.927e+00, training mtt::polarizability RMSE (per atom): 0.0025053, training mtt::polarizability MAE (per atom): 0.0019810, validation loss: 2.989e-01, validation mtt::polarizability RMSE (per atom): 0.0027517, validation mtt::polarizability MAE (per atom): 0.0020753
[2025-02-14 10:25:36][INFO] - Epoch   70, training loss: 2.448e+00, training mtt::polarizability RMSE (per atom): 0.0026449, training mtt::polarizability MAE (per atom): 0.0020578, validation loss: 5.426e-01, validation mtt::polarizability RMSE (per atom): 0.0032257, validation mtt::polarizability MAE (per atom): 0.0023224
[2025-02-14 10:25:38][INFO] - Epoch   71, training loss: 3.602e+00, training mtt::polarizability RMSE (per atom): 0.0029374, training mtt::polarizability MAE (per atom): 0.0022562, validation loss: 2.942e-01, validation mtt::polarizability RMSE (per atom): 0.0027246, validation mtt::polarizability MAE (per atom): 0.0021107
[2025-02-14 10:25:40][INFO] - Epoch   72, training loss: 2.835e+00, training mtt::polarizability RMSE (per atom): 0.0027331, training mtt::polarizability MAE (per atom): 0.0020944, validation loss: 3.028e-01, validation mtt::polarizability RMSE (per atom): 0.0027411, validation mtt::polarizability MAE (per atom): 0.0021513
[2025-02-14 10:25:41][INFO] - Epoch   73, training loss: 2.434e+00, training mtt::polarizability RMSE (per atom): 0.0026245, training mtt::polarizability MAE (per atom): 0.0020579, validation loss: 3.064e-01, validation mtt::polarizability RMSE (per atom): 0.0027316, validation mtt::polarizability MAE (per atom): 0.0020258
[2025-02-14 10:25:43][INFO] - Epoch   74, training loss: 2.242e+00, training mtt::polarizability RMSE (per atom): 0.0025610, training mtt::polarizability MAE (per atom): 0.0020053, validation loss: 2.952e-01, validation mtt::polarizability RMSE (per atom): 0.0027183, validation mtt::polarizability MAE (per atom): 0.0020302
[2025-02-14 10:25:45][INFO] - Epoch   75, training loss: 2.000e+00, training mtt::polarizability RMSE (per atom): 0.0024916, training mtt::polarizability MAE (per atom): 0.0019775, validation loss: 3.005e-01, validation mtt::polarizability RMSE (per atom): 0.0027294, validation mtt::polarizability MAE (per atom): 0.0020282
[2025-02-14 10:25:47][INFO] - Epoch   76, training loss: 1.937e+00, training mtt::polarizability RMSE (per atom): 0.0024688, training mtt::polarizability MAE (per atom): 0.0019458, validation loss: 2.776e-01, validation mtt::polarizability RMSE (per atom): 0.0026604, validation mtt::polarizability MAE (per atom): 0.0019954
[2025-02-14 10:25:48][INFO] - Epoch   77, training loss: 1.914e+00, training mtt::polarizability RMSE (per atom): 0.0024561, training mtt::polarizability MAE (per atom): 0.0019444, validation loss: 2.829e-01, validation mtt::polarizability RMSE (per atom): 0.0027033, validation mtt::polarizability MAE (per atom): 0.0020402
[2025-02-14 10:25:50][INFO] - Epoch   78, training loss: 1.902e+00, training mtt::polarizability RMSE (per atom): 0.0024482, training mtt::polarizability MAE (per atom): 0.0019329, validation loss: 2.917e-01, validation mtt::polarizability RMSE (per atom): 0.0027111, validation mtt::polarizability MAE (per atom): 0.0020070
[2025-02-14 10:25:52][INFO] - Epoch   79, training loss: 2.110e+00, training mtt::polarizability RMSE (per atom): 0.0025017, training mtt::polarizability MAE (per atom): 0.0019434, validation loss: 2.617e-01, validation mtt::polarizability RMSE (per atom): 0.0026131, validation mtt::polarizability MAE (per atom): 0.0019655
[2025-02-14 10:25:54][INFO] - Epoch   80, training loss: 2.022e+00, training mtt::polarizability RMSE (per atom): 0.0024724, training mtt::polarizability MAE (per atom): 0.0019456, validation loss: 2.986e-01, validation mtt::polarizability RMSE (per atom): 0.0027319, validation mtt::polarizability MAE (per atom): 0.0020126
[2025-02-14 10:25:55][INFO] - Epoch   81, training loss: 1.669e+00, training mtt::polarizability RMSE (per atom): 0.0023543, training mtt::polarizability MAE (per atom): 0.0018588, validation loss: 2.881e-01, validation mtt::polarizability RMSE (per atom): 0.0026794, validation mtt::polarizability MAE (per atom): 0.0019629
[2025-02-14 10:25:57][INFO] - Epoch   82, training loss: 1.703e+00, training mtt::polarizability RMSE (per atom): 0.0023707, training mtt::polarizability MAE (per atom): 0.0018768, validation loss: 2.693e-01, validation mtt::polarizability RMSE (per atom): 0.0026761, validation mtt::polarizability MAE (per atom): 0.0020255
[2025-02-14 10:25:59][INFO] - Epoch   83, training loss: 1.773e+00, training mtt::polarizability RMSE (per atom): 0.0023873, training mtt::polarizability MAE (per atom): 0.0018892, validation loss: 2.620e-01, validation mtt::polarizability RMSE (per atom): 0.0026018, validation mtt::polarizability MAE (per atom): 0.0019406
[2025-02-14 10:26:01][INFO] - Epoch   84, training loss: 2.138e+00, training mtt::polarizability RMSE (per atom): 0.0024770, training mtt::polarizability MAE (per atom): 0.0018849, validation loss: 2.708e-01, validation mtt::polarizability RMSE (per atom): 0.0026755, validation mtt::polarizability MAE (per atom): 0.0021058
[2025-02-14 10:26:02][INFO] - Epoch   85, training loss: 1.718e+00, training mtt::polarizability RMSE (per atom): 0.0023507, training mtt::polarizability MAE (per atom): 0.0018382, validation loss: 3.539e-01, validation mtt::polarizability RMSE (per atom): 0.0027987, validation mtt::polarizability MAE (per atom): 0.0020208
[2025-02-14 10:26:04][INFO] - Epoch   86, training loss: 1.645e+00, training mtt::polarizability RMSE (per atom): 0.0023201, training mtt::polarizability MAE (per atom): 0.0018416, validation loss: 2.932e-01, validation mtt::polarizability RMSE (per atom): 0.0027135, validation mtt::polarizability MAE (per atom): 0.0020235
[2025-02-14 10:26:06][INFO] - Epoch   87, training loss: 1.636e+00, training mtt::polarizability RMSE (per atom): 0.0023152, training mtt::polarizability MAE (per atom): 0.0018391, validation loss: 2.661e-01, validation mtt::polarizability RMSE (per atom): 0.0026031, validation mtt::polarizability MAE (per atom): 0.0019250
[2025-02-14 10:26:08][INFO] - Epoch   88, training loss: 1.702e+00, training mtt::polarizability RMSE (per atom): 0.0023293, training mtt::polarizability MAE (per atom): 0.0018225, validation loss: 2.469e-01, validation mtt::polarizability RMSE (per atom): 0.0025817, validation mtt::polarizability MAE (per atom): 0.0020022
[2025-02-14 10:26:09][INFO] - Epoch   89, training loss: 1.658e+00, training mtt::polarizability RMSE (per atom): 0.0023057, training mtt::polarizability MAE (per atom): 0.0018358, validation loss: 2.470e-01, validation mtt::polarizability RMSE (per atom): 0.0025545, validation mtt::polarizability MAE (per atom): 0.0019368
[2025-02-14 10:26:11][INFO] - Epoch   90, training loss: 1.531e+00, training mtt::polarizability RMSE (per atom): 0.0022629, training mtt::polarizability MAE (per atom): 0.0017859, validation loss: 3.694e-01, validation mtt::polarizability RMSE (per atom): 0.0028519, validation mtt::polarizability MAE (per atom): 0.0020826
[2025-02-14 10:26:13][INFO] - Epoch   91, training loss: 2.013e+00, training mtt::polarizability RMSE (per atom): 0.0024119, training mtt::polarizability MAE (per atom): 0.0018874, validation loss: 3.880e-01, validation mtt::polarizability RMSE (per atom): 0.0028525, validation mtt::polarizability MAE (per atom): 0.0022408
[2025-02-14 10:26:15][INFO] - Epoch   92, training loss: 2.367e+00, training mtt::polarizability RMSE (per atom): 0.0025055, training mtt::polarizability MAE (per atom): 0.0019487, validation loss: 2.739e-01, validation mtt::polarizability RMSE (per atom): 0.0026305, validation mtt::polarizability MAE (per atom): 0.0019721
[2025-02-14 10:26:16][INFO] - Epoch   93, training loss: 2.555e+00, training mtt::polarizability RMSE (per atom): 0.0025627, training mtt::polarizability MAE (per atom): 0.0019584, validation loss: 3.485e-01, validation mtt::polarizability RMSE (per atom): 0.0027879, validation mtt::polarizability MAE (per atom): 0.0020310
[2025-02-14 10:26:18][INFO] - Epoch   94, training loss: 1.892e+00, training mtt::polarizability RMSE (per atom): 0.0023628, training mtt::polarizability MAE (per atom): 0.0018490, validation loss: 2.557e-01, validation mtt::polarizability RMSE (per atom): 0.0025770, validation mtt::polarizability MAE (per atom): 0.0020468
[2025-02-14 10:26:20][INFO] - Epoch   95, training loss: 2.645e+00, training mtt::polarizability RMSE (per atom): 0.0025827, training mtt::polarizability MAE (per atom): 0.0019925, validation loss: 2.770e-01, validation mtt::polarizability RMSE (per atom): 0.0026334, validation mtt::polarizability MAE (per atom): 0.0019711
[2025-02-14 10:26:22][INFO] - Epoch   96, training loss: 2.572e+00, training mtt::polarizability RMSE (per atom): 0.0025504, training mtt::polarizability MAE (per atom): 0.0019548, validation loss: 4.772e-01, validation mtt::polarizability RMSE (per atom): 0.0030235, validation mtt::polarizability MAE (per atom): 0.0022014
[2025-02-14 10:26:23][INFO] - Epoch   97, training loss: 1.789e+00, training mtt::polarizability RMSE (per atom): 0.0023293, training mtt::polarizability MAE (per atom): 0.0018224, validation loss: 3.177e-01, validation mtt::polarizability RMSE (per atom): 0.0027398, validation mtt::polarizability MAE (per atom): 0.0020334
[2025-02-14 10:26:25][INFO] - Epoch   98, training loss: 1.992e+00, training mtt::polarizability RMSE (per atom): 0.0023830, training mtt::polarizability MAE (per atom): 0.0018551, validation loss: 2.872e-01, validation mtt::polarizability RMSE (per atom): 0.0026194, validation mtt::polarizability MAE (per atom): 0.0019257
[2025-02-14 10:26:27][INFO] - Epoch   99, training loss: 1.376e+00, training mtt::polarizability RMSE (per atom): 0.0021891, training mtt::polarizability MAE (per atom): 0.0017442, validation loss: 2.501e-01, validation mtt::polarizability RMSE (per atom): 0.0026291, validation mtt::polarizability MAE (per atom): 0.0020601
[2025-02-14 10:26:27][INFO] - Training finished, saving final checkpoint to `model.ckpt`
[2025-02-14 10:26:27][INFO] - Exporting model to `model.pt` and extensions to `extensions/`
[2025-02-14 10:26:27][INFO] - Running final evaluation with batch size 10
[2025-02-14 10:26:27][INFO] - Evaluating training dataset
[2025-02-14 10:26:27][INFO] - Running on device cuda with dtype torch.float32
[2025-02-14 10:26:31][INFO] - mtt::polarizability RMSE (per atom): 0.0021808, mtt::polarizability MAE (per atom): 0.0017349
[2025-02-14 10:26:31][INFO] - evaluation time: 1.18 s [0.1536 ± 0.0085 ms per atom]
[2025-02-14 10:26:31][INFO] - Evaluating validation dataset
[2025-02-14 10:26:31][INFO] - Running on device cuda with dtype torch.float32
[2025-02-14 10:26:33][INFO] - mtt::polarizability RMSE (per atom): 0.0026292, mtt::polarizability MAE (per atom): 0.0020601
[2025-02-14 10:26:33][INFO] - evaluation time: 0.15 s [0.1574 ± 0.0000 ms per atom]
[2025-02-14 10:26:33][INFO] - Evaluating test dataset
[2025-02-14 10:26:33][INFO] - Running on device cuda with dtype torch.float32
[2025-02-14 10:26:35][INFO] - mtt::polarizability RMSE (per atom): 0.0023374, mtt::polarizability MAE (per atom): 0.0018448
[2025-02-14 10:26:35][INFO] - evaluation time: 0.16 s [0.1700 ± 0.0000 ms per atom]
